=== Sections in Blank Bible Copy.docm  (148 total) ===
Run: 2026-05-07 21:10:03
First and last sections are typically blank-template holders.
Bible body sections (VerseText) should report 2 columns + Mirror=True.

-- Section 1 of 148  (starts on page 1) --
  PageSize  : 612.0 x 792.0 pt
  Margins   : T=72.0  B=72.0  L=72.0  R=72.0
  Gutter    : 0.0  GutterPos=0  Mirror=-1
  Columns   : 1  EvenlySpaced=-1  LineBetween=0
    Col 1: Width=468.0

-- Section 2 of 148  (starts on page 3) --
  PageSize  : 516.3 x 728.7 pt
  Margins   : T=54.7  B=54.7  L=54.7  R=43.2
  Gutter    : 10.1  GutterPos=0  Mirror=-1
  Columns   : 1  EvenlySpaced=-1  LineBetween=-1
    Col 1: Width=408.3

-- Section 3 of 148  (starts on page 5) --
  PageSize  : 516.3 x 728.7 pt
  Margins   : T=54.7  B=54.7  L=54.7  R=43.2
  Gutter    : 10.1  GutterPos=0  Mirror=-1
  Columns   : 1  EvenlySpaced=-1  LineBetween=-1
    Col 1: Width=408.3

-- Section 4 of 148  (starts on page 12) --
  PageSize  : 516.3 x 728.7 pt
  Margins   : T=54.7  B=54.7  L=54.7  R=43.2
  Gutter    : 10.1  GutterPos=0  Mirror=-1
  Columns   : 1  EvenlySpaced=-1  LineBetween=-1
    Col 1: Width=408.3

-- Section 5 of 148  (starts on page 13) --
  PageSize  : 516.3 x 728.7 pt
  Margins   : T=54.7  B=54.7  L=54.7  R=43.2
  Gutter    : 10.1  GutterPos=0  Mirror=-1
  Columns   : 1  EvenlySpaced=-1  LineBetween=-1
    Col 1: Width=408.3

-- Section 6 of 148  (starts on page 24) --
  PageSize  : 516.3 x 728.7 pt
  Margins   : T=54.7  B=54.7  L=54.7  R=43.2
  Gutter    : 10.1  GutterPos=0  Mirror=-1
  Columns   : 1  EvenlySpaced=-1  LineBetween=-1
    Col 1: Width=408.3

-- Section 7 of 148  (starts on page 25) --
  PageSize  : 516.3 x 728.7 pt
  Margins   : T=54.7  B=54.7  L=54.7  R=43.2
  Gutter    : 10.1  GutterPos=0  Mirror=-1
  Columns   : 1  EvenlySpaced=-1  LineBetween=-1
    Col 1: Width=408.3

-- Section 8 of 148  (starts on page 26) --
  PageSize  : 516.3 x 728.7 pt
  Margins   : T=54.7  B=54.7  L=54.7  R=43.2
  Gutter    : 10.1  GutterPos=0  Mirror=-1
  Columns   : 1  EvenlySpaced=-1  LineBetween=-1
    Col 1: Width=408.3

-- Section 9 of 148  (starts on page 66) --
  PageSize  : 516.3 x 728.7 pt
  Margins   : T=54.7  B=54.7  L=54.7  R=43.2
  Gutter    : 10.1  GutterPos=0  Mirror=-1
  Columns   : 2  EvenlySpaced=-1  LineBetween=-1
    Col 1: Width=196.9  SpaceAfter=14.4
    Col 2: Width=196.9

-- Section 10 of 148  (starts on page 67) --
  PageSize  : 516.3 x 728.7 pt
  Margins   : T=54.7  B=54.7  L=54.7  R=43.2
  Gutter    : 10.1  GutterPos=0  Mirror=-1
  Columns   : 1  EvenlySpaced=-1  LineBetween=-1
    Col 1: Width=408.3

-- Section 11 of 148  (starts on page 99) --
  PageSize  : 516.3 x 728.7 pt
  Margins   : T=54.7  B=54.7  L=54.7  R=43.2
  Gutter    : 10.1  GutterPos=0  Mirror=-1
  Columns   : 2  EvenlySpaced=-1  LineBetween=-1
    Col 1: Width=196.9  SpaceAfter=14.4
    Col 2: Width=196.9

-- Section 12 of 148  (starts on page 100) --
  PageSize  : 516.3 x 728.7 pt
  Margins   : T=54.7  B=54.7  L=54.7  R=43.2
  Gutter    : 10.1  GutterPos=0  Mirror=-1
  Columns   : 1  EvenlySpaced=-1  LineBetween=-1
    Col 1: Width=408.3

-- Section 13 of 148  (starts on page 123) --
  PageSize  : 516.3 x 728.7 pt
  Margins   : T=54.7  B=54.7  L=54.7  R=43.2
  Gutter    : 10.1  GutterPos=0  Mirror=-1
  Columns   : 2  EvenlySpaced=-1  LineBetween=-1
    Col 1: Width=196.9  SpaceAfter=14.4
    Col 2: Width=196.9

-- Section 14 of 148  (starts on page 124) --
  PageSize  : 516.3 x 728.7 pt
  Margins   : T=54.7  B=54.7  L=54.7  R=43.2
  Gutter    : 10.1  GutterPos=0  Mirror=-1
  Columns   : 1  EvenlySpaced=-1  LineBetween=-1
    Col 1: Width=408.3

-- Section 15 of 148  (starts on page 157) --
  PageSize  : 516.3 x 728.7 pt
  Margins   : T=54.7  B=54.7  L=54.7  R=43.2
  Gutter    : 10.1  GutterPos=0  Mirror=-1
  Columns   : 2  EvenlySpaced=-1  LineBetween=-1
    Col 1: Width=196.9  SpaceAfter=14.4
    Col 2: Width=196.9

-- Section 16 of 148  (starts on page 158) --
  PageSize  : 516.3 x 728.7 pt
  Margins   : T=54.7  B=54.7  L=54.7  R=43.2
  Gutter    : 10.1  GutterPos=0  Mirror=-1
  Columns   : 1  EvenlySpaced=-1  LineBetween=-1
    Col 1: Width=408.3

-- Section 17 of 148  (starts on page 185) --
  PageSize  : 516.3 x 728.7 pt
  Margins   : T=54.7  B=54.7  L=54.7  R=43.2
  Gutter    : 10.1  GutterPos=0  Mirror=-1
  Columns   : 2  EvenlySpaced=-1  LineBetween=-1
    Col 1: Width=196.9  SpaceAfter=14.4
    Col 2: Width=196.9

-- Section 18 of 148  (starts on page 186) --
  PageSize  : 516.3 x 728.7 pt
  Margins   : T=54.7  B=54.7  L=54.7  R=43.2
  Gutter    : 10.1  GutterPos=0  Mirror=-1
  Columns   : 1  EvenlySpaced=-1  LineBetween=-1
    Col 1: Width=408.3

-- Section 19 of 148  (starts on page 205) --
  PageSize  : 516.3 x 728.7 pt
  Margins   : T=54.7  B=54.7  L=54.7  R=43.2
  Gutter    : 10.1  GutterPos=0  Mirror=-1
  Columns   : 2  EvenlySpaced=-1  LineBetween=-1
    Col 1: Width=196.9  SpaceAfter=14.4
    Col 2: Width=196.9

-- Section 20 of 148  (starts on page 206) --
  PageSize  : 516.3 x 728.7 pt
  Margins   : T=54.7  B=54.7  L=54.7  R=43.2
  Gutter    : 10.1  GutterPos=0  Mirror=-1
  Columns   : 1  EvenlySpaced=-1  LineBetween=-1
    Col 1: Width=408.3

-- Section 21 of 148  (starts on page 224) --
  PageSize  : 516.3 x 728.7 pt
  Margins   : T=54.7  B=54.7  L=54.7  R=43.2
  Gutter    : 10.1  GutterPos=0  Mirror=-1
  Columns   : 2  EvenlySpaced=-1  LineBetween=-1
    Col 1: Width=196.9  SpaceAfter=14.4
    Col 2: Width=196.9

-- Section 22 of 148  (starts on page 225) --
  PageSize  : 516.3 x 728.7 pt
  Margins   : T=54.7  B=54.7  L=54.7  R=43.2
  Gutter    : 10.1  GutterPos=0  Mirror=-1
  Columns   : 1  EvenlySpaced=-1  LineBetween=-1
    Col 1: Width=408.3

-- Section 23 of 148  (starts on page 228) --
  PageSize  : 516.3 x 728.7 pt
  Margins   : T=54.7  B=54.7  L=54.7  R=43.2
  Gutter    : 10.1  GutterPos=0  Mirror=-1
  Columns   : 2  EvenlySpaced=-1  LineBetween=-1
    Col 1: Width=196.9  SpaceAfter=14.4
    Col 2: Width=196.9

-- Section 24 of 148  (starts on page 229) --
  PageSize  : 516.3 x 728.7 pt
  Margins   : T=54.7  B=54.7  L=54.7  R=43.2
  Gutter    : 10.1  GutterPos=0  Mirror=-1
  Columns   : 1  EvenlySpaced=-1  LineBetween=-1
    Col 1: Width=408.3

-- Section 25 of 148  (starts on page 253) --
  PageSize  : 516.3 x 728.7 pt
  Margins   : T=54.7  B=54.7  L=54.7  R=43.2
  Gutter    : 10.1  GutterPos=0  Mirror=-1
  Columns   : 2  EvenlySpaced=-1  LineBetween=-1
    Col 1: Width=196.9  SpaceAfter=14.4
    Col 2: Width=196.9

-- Section 26 of 148  (starts on page 254) --
  PageSize  : 516.3 x 728.7 pt
  Margins   : T=54.7  B=54.7  L=54.7  R=43.2
  Gutter    : 10.1  GutterPos=0  Mirror=-1
  Columns   : 1  EvenlySpaced=-1  LineBetween=-1
    Col 1: Width=408.3

-- Section 27 of 148  (starts on page 274) --
  PageSize  : 516.3 x 728.7 pt
  Margins   : T=54.7  B=54.7  L=54.7  R=43.2
  Gutter    : 10.1  GutterPos=0  Mirror=-1
  Columns   : 2  EvenlySpaced=-1  LineBetween=-1
    Col 1: Width=196.9  SpaceAfter=14.4
    Col 2: Width=196.9

-- Section 28 of 148  (starts on page 275) --
  PageSize  : 516.3 x 728.7 pt
  Margins   : T=54.7  B=54.7  L=54.7  R=43.2
  Gutter    : 10.1  GutterPos=0  Mirror=-1
  Columns   : 1  EvenlySpaced=-1  LineBetween=-1
    Col 1: Width=408.3

-- Section 29 of 148  (starts on page 299) --
  PageSize  : 516.3 x 728.7 pt
  Margins   : T=54.7  B=54.7  L=54.7  R=43.2
  Gutter    : 10.1  GutterPos=0  Mirror=-1
  Columns   : 2  EvenlySpaced=-1  LineBetween=-1
    Col 1: Width=196.9  SpaceAfter=14.4
    Col 2: Width=196.9

-- Section 30 of 148  (starts on page 300) --
  PageSize  : 516.3 x 728.7 pt
  Margins   : T=54.7  B=54.7  L=54.7  R=43.2
  Gutter    : 10.1  GutterPos=0  Mirror=-1
  Columns   : 1  EvenlySpaced=-1  LineBetween=-1
    Col 1: Width=408.3

-- Section 31 of 148  (starts on page 322) --
  PageSize  : 516.3 x 728.7 pt
  Margins   : T=54.7  B=54.7  L=54.7  R=43.2
  Gutter    : 10.1  GutterPos=0  Mirror=-1
  Columns   : 2  EvenlySpaced=-1  LineBetween=-1
    Col 1: Width=196.9  SpaceAfter=14.4
    Col 2: Width=196.9

-- Section 32 of 148  (starts on page 323) --
  PageSize  : 516.3 x 728.7 pt
  Margins   : T=54.7  B=54.7  L=54.7  R=43.2
  Gutter    : 10.1  GutterPos=0  Mirror=-1
  Columns   : 1  EvenlySpaced=-1  LineBetween=-1
    Col 1: Width=408.3

-- Section 33 of 148  (starts on page 345) --
  PageSize  : 516.3 x 728.7 pt
  Margins   : T=54.7  B=54.7  L=54.7  R=43.2
  Gutter    : 10.1  GutterPos=0  Mirror=-1
  Columns   : 2  EvenlySpaced=-1  LineBetween=-1
    Col 1: Width=196.9  SpaceAfter=14.4
    Col 2: Width=196.9

-- Section 34 of 148  (starts on page 346) --
  PageSize  : 516.3 x 728.7 pt
  Margins   : T=54.7  B=54.7  L=54.7  R=43.2
  Gutter    : 10.1  GutterPos=0  Mirror=-1
  Columns   : 1  EvenlySpaced=-1  LineBetween=-1
    Col 1: Width=408.3

-- Section 35 of 148  (starts on page 372) --
  PageSize  : 516.3 x 728.7 pt
  Margins   : T=54.7  B=54.7  L=54.7  R=43.2
  Gutter    : 10.1  GutterPos=0  Mirror=-1
  Columns   : 2  EvenlySpaced=-1  LineBetween=-1
    Col 1: Width=196.9  SpaceAfter=14.4
    Col 2: Width=196.9

-- Section 36 of 148  (starts on page 373) --
  PageSize  : 516.3 x 728.7 pt
  Margins   : T=54.7  B=54.7  L=54.7  R=43.2
  Gutter    : 10.1  GutterPos=0  Mirror=-1
  Columns   : 1  EvenlySpaced=-1  LineBetween=-1
    Col 1: Width=408.3

-- Section 37 of 148  (starts on page 381) --
  PageSize  : 516.3 x 728.7 pt
  Margins   : T=54.7  B=54.7  L=54.7  R=43.2
  Gutter    : 10.1  GutterPos=0  Mirror=-1
  Columns   : 2  EvenlySpaced=-1  LineBetween=-1
    Col 1: Width=196.9  SpaceAfter=14.4
    Col 2: Width=196.9

-- Section 38 of 148  (starts on page 382) --
  PageSize  : 516.3 x 728.7 pt
  Margins   : T=54.7  B=54.7  L=54.7  R=43.2
  Gutter    : 10.1  GutterPos=0  Mirror=-1
  Columns   : 1  EvenlySpaced=-1  LineBetween=-1
    Col 1: Width=408.3

-- Section 39 of 148  (starts on page 393) --
  PageSize  : 516.3 x 728.7 pt
  Margins   : T=54.7  B=54.7  L=54.7  R=43.2
  Gutter    : 10.1  GutterPos=0  Mirror=-1
  Columns   : 2  EvenlySpaced=-1  LineBetween=-1
    Col 1: Width=196.9  SpaceAfter=14.4
    Col 2: Width=196.9

-- Section 40 of 148  (starts on page 394) --
  PageSize  : 516.3 x 728.7 pt
  Margins   : T=54.7  B=54.7  L=54.7  R=43.2
  Gutter    : 10.1  GutterPos=0  Mirror=-1
  Columns   : 1  EvenlySpaced=-1  LineBetween=-1
    Col 1: Width=408.3

-- Section 41 of 148  (starts on page 400) --
  PageSize  : 516.3 x 728.7 pt
  Margins   : T=54.7  B=54.7  L=54.7  R=43.2
  Gutter    : 10.1  GutterPos=0  Mirror=-1
  Columns   : 2  EvenlySpaced=-1  LineBetween=-1
    Col 1: Width=196.9  SpaceAfter=14.4
    Col 2: Width=196.9

-- Section 42 of 148  (starts on page 401) --
  PageSize  : 516.3 x 728.7 pt
  Margins   : T=54.7  B=54.7  L=54.7  R=43.2
  Gutter    : 10.1  GutterPos=0  Mirror=-1
  Columns   : 1  EvenlySpaced=-1  LineBetween=-1
    Col 1: Width=408.3

-- Section 43 of 148  (starts on page 421) --
  PageSize  : 516.3 x 728.7 pt
  Margins   : T=54.7  B=54.7  L=54.7  R=43.2
  Gutter    : 10.1  GutterPos=0  Mirror=-1
  Columns   : 2  EvenlySpaced=-1  LineBetween=-1
    Col 1: Width=196.9  SpaceAfter=14.4
    Col 2: Width=196.9

-- Section 44 of 148  (starts on page 422) --
  PageSize  : 516.3 x 728.7 pt
  Margins   : T=54.7  B=54.7  L=54.7  R=43.2
  Gutter    : 10.1  GutterPos=0  Mirror=-1
  Columns   : 1  EvenlySpaced=-1  LineBetween=-1
    Col 1: Width=408.3

-- Section 45 of 148  (starts on page 473) --
  PageSize  : 516.3 x 728.7 pt
  Margins   : T=54.7  B=54.7  L=54.7  R=43.2
  Gutter    : 10.1  GutterPos=0  Mirror=-1
  Columns   : 2  EvenlySpaced=-1  LineBetween=-1
    Col 1: Width=196.9  SpaceAfter=14.4
    Col 2: Width=196.9

-- Section 46 of 148  (starts on page 474) --
  PageSize  : 516.3 x 728.7 pt
  Margins   : T=54.7  B=54.7  L=54.7  R=43.2
  Gutter    : 10.1  GutterPos=0  Mirror=-1
  Columns   : 1  EvenlySpaced=-1  LineBetween=-1
    Col 1: Width=408.3

-- Section 47 of 148  (starts on page 491) --
  PageSize  : 516.3 x 728.7 pt
  Margins   : T=54.7  B=54.7  L=54.7  R=43.2
  Gutter    : 10.1  GutterPos=0  Mirror=-1
  Columns   : 2  EvenlySpaced=-1  LineBetween=-1
    Col 1: Width=196.9  SpaceAfter=14.4
    Col 2: Width=196.9

-- Section 48 of 148  (starts on page 492) --
  PageSize  : 516.3 x 728.7 pt
  Margins   : T=54.7  B=54.7  L=54.7  R=43.2
  Gutter    : 10.1  GutterPos=0  Mirror=-1
  Columns   : 1  EvenlySpaced=-1  LineBetween=-1
    Col 1: Width=408.3

-- Section 49 of 148  (starts on page 498) --
  PageSize  : 516.3 x 728.7 pt
  Margins   : T=54.7  B=54.7  L=54.7  R=43.2
  Gutter    : 10.1  GutterPos=0  Mirror=-1
  Columns   : 2  EvenlySpaced=-1  LineBetween=-1
    Col 1: Width=196.9  SpaceAfter=14.4
    Col 2: Width=196.9

-- Section 50 of 148  (starts on page 499) --
  PageSize  : 516.3 x 728.7 pt
  Margins   : T=54.7  B=54.7  L=54.7  R=43.2
  Gutter    : 10.1  GutterPos=0  Mirror=-1
  Columns   : 1  EvenlySpaced=-1  LineBetween=-1
    Col 1: Width=408.3

-- Section 51 of 148  (starts on page 502) --
  PageSize  : 516.3 x 728.7 pt
  Margins   : T=54.7  B=54.7  L=54.7  R=43.2
  Gutter    : 10.1  GutterPos=0  Mirror=-1
  Columns   : 2  EvenlySpaced=-1  LineBetween=-1
    Col 1: Width=196.9  SpaceAfter=14.4
    Col 2: Width=196.9

-- Section 52 of 148  (starts on page 503) --
  PageSize  : 516.3 x 728.7 pt
  Margins   : T=54.7  B=54.7  L=54.7  R=43.2
  Gutter    : 10.1  GutterPos=0  Mirror=-1
  Columns   : 1  EvenlySpaced=-1  LineBetween=-1
    Col 1: Width=408.3

-- Section 53 of 148  (starts on page 540) --
  PageSize  : 516.3 x 728.7 pt
  Margins   : T=54.7  B=54.7  L=54.7  R=43.2
  Gutter    : 10.1  GutterPos=0  Mirror=-1
  Columns   : 2  EvenlySpaced=-1  LineBetween=-1
    Col 1: Width=196.9  SpaceAfter=14.4
    Col 2: Width=196.9

-- Section 54 of 148  (starts on page 541) --
  PageSize  : 516.3 x 728.7 pt
  Margins   : T=54.7  B=54.7  L=54.7  R=43.2
  Gutter    : 10.1  GutterPos=0  Mirror=-1
  Columns   : 1  EvenlySpaced=-1  LineBetween=-1
    Col 1: Width=408.3

-- Section 55 of 148  (starts on page 583) --
  PageSize  : 516.3 x 728.7 pt
  Margins   : T=54.7  B=54.7  L=54.7  R=43.2
  Gutter    : 10.1  GutterPos=0  Mirror=-1
  Columns   : 2  EvenlySpaced=-1  LineBetween=-1
    Col 1: Width=196.9  SpaceAfter=14.4
    Col 2: Width=196.9

-- Section 56 of 148  (starts on page 584) --
  PageSize  : 516.3 x 728.7 pt
  Margins   : T=54.7  B=54.7  L=54.7  R=43.2
  Gutter    : 10.1  GutterPos=0  Mirror=-1
  Columns   : 1  EvenlySpaced=-1  LineBetween=-1
    Col 1: Width=408.3

-- Section 57 of 148  (starts on page 588) --
  PageSize  : 516.3 x 728.7 pt
  Margins   : T=54.7  B=54.7  L=54.7  R=43.2
  Gutter    : 10.1  GutterPos=0  Mirror=-1
  Columns   : 2  EvenlySpaced=-1  LineBetween=-1
    Col 1: Width=196.9  SpaceAfter=14.4
    Col 2: Width=196.9

-- Section 58 of 148  (starts on page 589) --
  PageSize  : 516.3 x 728.7 pt
  Margins   : T=54.7  B=54.7  L=54.7  R=43.2
  Gutter    : 10.1  GutterPos=0  Mirror=-1
  Columns   : 1  EvenlySpaced=-1  LineBetween=-1
    Col 1: Width=408.3

-- Section 59 of 148  (starts on page 627) --
  PageSize  : 516.3 x 728.7 pt
  Margins   : T=54.7  B=54.7  L=54.7  R=43.2
  Gutter    : 10.1  GutterPos=0  Mirror=-1
  Columns   : 2  EvenlySpaced=-1  LineBetween=-1
    Col 1: Width=196.9  SpaceAfter=14.4
    Col 2: Width=196.9

-- Section 60 of 148  (starts on page 628) --
  PageSize  : 516.3 x 728.7 pt
  Margins   : T=54.7  B=54.7  L=54.7  R=43.2
  Gutter    : 10.1  GutterPos=0  Mirror=-1
  Columns   : 1  EvenlySpaced=-1  LineBetween=-1
    Col 1: Width=408.3

-- Section 61 of 148  (starts on page 640) --
  PageSize  : 516.3 x 728.7 pt
  Margins   : T=54.7  B=54.7  L=54.7  R=43.2
  Gutter    : 10.1  GutterPos=0  Mirror=-1
  Columns   : 2  EvenlySpaced=-1  LineBetween=-1
    Col 1: Width=196.9  SpaceAfter=14.4
    Col 2: Width=196.9

-- Section 62 of 148  (starts on page 641) --
  PageSize  : 516.3 x 728.7 pt
  Margins   : T=54.7  B=54.7  L=54.7  R=43.2
  Gutter    : 10.1  GutterPos=0  Mirror=-1
  Columns   : 1  EvenlySpaced=-1  LineBetween=-1
    Col 1: Width=408.3

-- Section 63 of 148  (starts on page 647) --
  PageSize  : 516.3 x 728.7 pt
  Margins   : T=54.7  B=54.7  L=54.7  R=43.2
  Gutter    : 10.1  GutterPos=0  Mirror=-1
  Columns   : 2  EvenlySpaced=-1  LineBetween=-1
    Col 1: Width=196.9  SpaceAfter=14.4
    Col 2: Width=196.9

-- Section 64 of 148  (starts on page 648) --
  PageSize  : 516.3 x 728.7 pt
  Margins   : T=54.7  B=54.7  L=54.7  R=43.2
  Gutter    : 10.1  GutterPos=0  Mirror=-1
  Columns   : 1  EvenlySpaced=-1  LineBetween=-1
    Col 1: Width=408.3

-- Section 65 of 148  (starts on page 650) --
  PageSize  : 516.3 x 728.7 pt
  Margins   : T=54.7  B=54.7  L=54.7  R=43.2
  Gutter    : 10.1  GutterPos=0  Mirror=-1
  Columns   : 2  EvenlySpaced=-1  LineBetween=-1
    Col 1: Width=196.9  SpaceAfter=14.4
    Col 2: Width=196.9

-- Section 66 of 148  (starts on page 651) --
  PageSize  : 516.3 x 728.7 pt
  Margins   : T=54.7  B=54.7  L=54.7  R=43.2
  Gutter    : 10.1  GutterPos=0  Mirror=-1
  Columns   : 1  EvenlySpaced=-1  LineBetween=-1
    Col 1: Width=408.3

-- Section 67 of 148  (starts on page 656) --
  PageSize  : 516.3 x 728.7 pt
  Margins   : T=54.7  B=54.7  L=54.7  R=43.2
  Gutter    : 10.1  GutterPos=0  Mirror=-1
  Columns   : 2  EvenlySpaced=-1  LineBetween=-1
    Col 1: Width=196.9  SpaceAfter=14.4
    Col 2: Width=196.9

-- Section 68 of 148  (starts on page 657) --
  PageSize  : 516.3 x 728.7 pt
  Margins   : T=54.7  B=54.7  L=54.7  R=43.2
  Gutter    : 10.1  GutterPos=0  Mirror=-1
  Columns   : 1  EvenlySpaced=-1  LineBetween=-1
    Col 1: Width=408.3

-- Section 69 of 148  (starts on page 658) --
  PageSize  : 516.3 x 728.7 pt
  Margins   : T=54.7  B=54.7  L=54.7  R=43.2
  Gutter    : 10.1  GutterPos=0  Mirror=-1
  Columns   : 2  EvenlySpaced=-1  LineBetween=-1
    Col 1: Width=196.9  SpaceAfter=14.4
    Col 2: Width=196.9

-- Section 70 of 148  (starts on page 659) --
  PageSize  : 516.3 x 728.7 pt
  Margins   : T=54.7  B=54.7  L=54.7  R=43.2
  Gutter    : 10.1  GutterPos=0  Mirror=-1
  Columns   : 1  EvenlySpaced=-1  LineBetween=-1
    Col 1: Width=408.3

-- Section 71 of 148  (starts on page 661) --
  PageSize  : 516.3 x 728.7 pt
  Margins   : T=54.7  B=54.7  L=54.7  R=43.2
  Gutter    : 10.1  GutterPos=0  Mirror=-1
  Columns   : 2  EvenlySpaced=-1  LineBetween=-1
    Col 1: Width=196.9  SpaceAfter=14.4
    Col 2: Width=196.9

-- Section 72 of 148  (starts on page 662) --
  PageSize  : 516.3 x 728.7 pt
  Margins   : T=54.7  B=54.7  L=54.7  R=43.2
  Gutter    : 10.1  GutterPos=0  Mirror=-1
  Columns   : 1  EvenlySpaced=-1  LineBetween=-1
    Col 1: Width=408.3

-- Section 73 of 148  (starts on page 666) --
  PageSize  : 516.3 x 728.7 pt
  Margins   : T=54.7  B=54.7  L=54.7  R=43.2
  Gutter    : 10.1  GutterPos=0  Mirror=-1
  Columns   : 2  EvenlySpaced=-1  LineBetween=-1
    Col 1: Width=196.9  SpaceAfter=14.4
    Col 2: Width=196.9

-- Section 74 of 148  (starts on page 667) --
  PageSize  : 516.3 x 728.7 pt
  Margins   : T=54.7  B=54.7  L=54.7  R=43.2
  Gutter    : 10.1  GutterPos=0  Mirror=-1
  Columns   : 1  EvenlySpaced=-1  LineBetween=-1
    Col 1: Width=408.3

-- Section 75 of 148  (starts on page 669) --
  PageSize  : 516.3 x 728.7 pt
  Margins   : T=54.7  B=54.7  L=54.7  R=43.2
  Gutter    : 10.1  GutterPos=0  Mirror=-1
  Columns   : 2  EvenlySpaced=-1  LineBetween=-1
    Col 1: Width=196.9  SpaceAfter=14.4
    Col 2: Width=196.9

-- Section 76 of 148  (starts on page 670) --
  PageSize  : 516.3 x 728.7 pt
  Margins   : T=54.7  B=54.7  L=54.7  R=43.2
  Gutter    : 10.1  GutterPos=0  Mirror=-1
  Columns   : 1  EvenlySpaced=-1  LineBetween=-1
    Col 1: Width=408.3

-- Section 77 of 148  (starts on page 672) --
  PageSize  : 516.3 x 728.7 pt
  Margins   : T=54.7  B=54.7  L=54.7  R=43.2
  Gutter    : 10.1  GutterPos=0  Mirror=-1
  Columns   : 2  EvenlySpaced=-1  LineBetween=-1
    Col 1: Width=196.9  SpaceAfter=14.4
    Col 2: Width=196.9

-- Section 78 of 148  (starts on page 673) --
  PageSize  : 516.3 x 728.7 pt
  Margins   : T=54.7  B=54.7  L=54.7  R=43.2
  Gutter    : 10.1  GutterPos=0  Mirror=-1
  Columns   : 1  EvenlySpaced=-1  LineBetween=-1
    Col 1: Width=408.3

-- Section 79 of 148  (starts on page 675) --
  PageSize  : 516.3 x 728.7 pt
  Margins   : T=54.7  B=54.7  L=54.7  R=43.2
  Gutter    : 10.1  GutterPos=0  Mirror=-1
  Columns   : 2  EvenlySpaced=-1  LineBetween=-1
    Col 1: Width=196.9  SpaceAfter=14.4
    Col 2: Width=196.9

-- Section 80 of 148  (starts on page 676) --
  PageSize  : 516.3 x 728.7 pt
  Margins   : T=54.7  B=54.7  L=54.7  R=43.2
  Gutter    : 10.1  GutterPos=0  Mirror=-1
  Columns   : 1  EvenlySpaced=-1  LineBetween=-1
    Col 1: Width=408.3

-- Section 81 of 148  (starts on page 678) --
  PageSize  : 516.3 x 728.7 pt
  Margins   : T=54.7  B=54.7  L=54.7  R=43.2
  Gutter    : 10.1  GutterPos=0  Mirror=-1
  Columns   : 2  EvenlySpaced=-1  LineBetween=-1
    Col 1: Width=196.9  SpaceAfter=14.4
    Col 2: Width=196.9

-- Section 82 of 148  (starts on page 679) --
  PageSize  : 516.3 x 728.7 pt
  Margins   : T=54.7  B=54.7  L=54.7  R=43.2
  Gutter    : 10.1  GutterPos=0  Mirror=-1
  Columns   : 1  EvenlySpaced=-1  LineBetween=-1
    Col 1: Width=408.3

-- Section 83 of 148  (starts on page 686) --
  PageSize  : 516.3 x 728.7 pt
  Margins   : T=54.7  B=54.7  L=54.7  R=43.2
  Gutter    : 10.1  GutterPos=0  Mirror=-1
  Columns   : 2  EvenlySpaced=-1  LineBetween=-1
    Col 1: Width=196.9  SpaceAfter=14.4
    Col 2: Width=196.9

-- Section 84 of 148  (starts on page 687) --
  PageSize  : 516.3 x 728.7 pt
  Margins   : T=54.7  B=54.7  L=54.7  R=43.2
  Gutter    : 10.1  GutterPos=0  Mirror=-1
  Columns   : 1  EvenlySpaced=-1  LineBetween=-1
    Col 1: Width=408.3

-- Section 85 of 148  (starts on page 689) --
  PageSize  : 516.3 x 728.7 pt
  Margins   : T=54.7  B=54.7  L=54.7  R=43.2
  Gutter    : 10.1  GutterPos=0  Mirror=-1
  Columns   : 2  EvenlySpaced=-1  LineBetween=-1
    Col 1: Width=196.9  SpaceAfter=14.4
    Col 2: Width=196.9

-- Section 86 of 148  (starts on page 690) --
  PageSize  : 516.3 x 728.7 pt
  Margins   : T=54.7  B=54.7  L=54.7  R=43.2
  Gutter    : 10.1  GutterPos=0  Mirror=-1
  Columns   : 1  EvenlySpaced=-1  LineBetween=-1
    Col 1: Width=408.3

-- Section 87 of 148  (starts on page 691) --
  PageSize  : 516.3 x 728.7 pt
  Margins   : T=54.7  B=54.7  L=54.7  R=43.2
  Gutter    : 10.1  GutterPos=0  Mirror=-1
  Columns   : 1  EvenlySpaced=-1  LineBetween=-1
    Col 1: Width=408.3

-- Section 88 of 148  (starts on page 692) --
  PageSize  : 516.3 x 728.7 pt
  Margins   : T=54.7  B=54.7  L=54.7  R=43.2
  Gutter    : 10.1  GutterPos=0  Mirror=-1
  Columns   : 1  EvenlySpaced=-1  LineBetween=-1
    Col 1: Width=408.3

-- Section 89 of 148  (starts on page 720) --
  PageSize  : 516.3 x 728.7 pt
  Margins   : T=54.7  B=54.7  L=54.7  R=43.2
  Gutter    : 10.1  GutterPos=0  Mirror=-1
  Columns   : 2  EvenlySpaced=-1  LineBetween=-1
    Col 1: Width=196.9  SpaceAfter=14.4
    Col 2: Width=196.9

-- Section 90 of 148  (starts on page 721) --
  PageSize  : 516.3 x 728.7 pt
  Margins   : T=54.7  B=54.7  L=54.7  R=43.2
  Gutter    : 10.1  GutterPos=0  Mirror=-1
  Columns   : 1  EvenlySpaced=-1  LineBetween=-1
    Col 1: Width=408.3

-- Section 91 of 148  (starts on page 738) --
  PageSize  : 516.3 x 728.7 pt
  Margins   : T=54.7  B=54.7  L=54.7  R=43.2
  Gutter    : 10.1  GutterPos=0  Mirror=-1
  Columns   : 2  EvenlySpaced=-1  LineBetween=-1
    Col 1: Width=196.9  SpaceAfter=14.4
    Col 2: Width=196.9

-- Section 92 of 148  (starts on page 739) --
  PageSize  : 516.3 x 728.7 pt
  Margins   : T=54.7  B=54.7  L=54.7  R=43.2
  Gutter    : 10.1  GutterPos=0  Mirror=-1
  Columns   : 1  EvenlySpaced=-1  LineBetween=-1
    Col 1: Width=408.3

-- Section 93 of 148  (starts on page 767) --
  PageSize  : 516.3 x 728.7 pt
  Margins   : T=54.7  B=54.7  L=54.7  R=43.2
  Gutter    : 10.1  GutterPos=0  Mirror=-1
  Columns   : 2  EvenlySpaced=-1  LineBetween=-1
    Col 1: Width=196.9  SpaceAfter=14.4
    Col 2: Width=196.9

-- Section 94 of 148  (starts on page 768) --
  PageSize  : 516.3 x 728.7 pt
  Margins   : T=54.7  B=54.7  L=54.7  R=43.2
  Gutter    : 10.1  GutterPos=0  Mirror=-1
  Columns   : 1  EvenlySpaced=-1  LineBetween=-1
    Col 1: Width=408.3

-- Section 95 of 148  (starts on page 790) --
  PageSize  : 516.3 x 728.7 pt
  Margins   : T=54.7  B=54.7  L=54.7  R=43.2
  Gutter    : 10.1  GutterPos=0  Mirror=-1
  Columns   : 2  EvenlySpaced=-1  LineBetween=-1
    Col 1: Width=196.9  SpaceAfter=14.4
    Col 2: Width=196.9

-- Section 96 of 148  (starts on page 791) --
  PageSize  : 516.3 x 728.7 pt
  Margins   : T=54.7  B=54.7  L=54.7  R=43.2
  Gutter    : 10.1  GutterPos=0  Mirror=-1
  Columns   : 1  EvenlySpaced=-1  LineBetween=-1
    Col 1: Width=408.3

-- Section 97 of 148  (starts on page 817) --
  PageSize  : 516.3 x 728.7 pt
  Margins   : T=54.7  B=54.7  L=54.7  R=43.2
  Gutter    : 10.1  GutterPos=0  Mirror=-1
  Columns   : 2  EvenlySpaced=-1  LineBetween=-1
    Col 1: Width=196.9  SpaceAfter=14.4
    Col 2: Width=196.9

-- Section 98 of 148  (starts on page 818) --
  PageSize  : 516.3 x 728.7 pt
  Margins   : T=54.7  B=54.7  L=54.7  R=43.2
  Gutter    : 10.1  GutterPos=0  Mirror=-1
  Columns   : 1  EvenlySpaced=-1  LineBetween=-1
    Col 1: Width=408.3

-- Section 99 of 148  (starts on page 829) --
  PageSize  : 516.3 x 728.7 pt
  Margins   : T=54.7  B=54.7  L=54.7  R=43.2
  Gutter    : 10.1  GutterPos=0  Mirror=-1
  Columns   : 2  EvenlySpaced=-1  LineBetween=-1
    Col 1: Width=196.9  SpaceAfter=14.4
    Col 2: Width=196.9

-- Section 100 of 148  (starts on page 830) --
  PageSize  : 516.3 x 728.7 pt
  Margins   : T=54.7  B=54.7  L=54.7  R=43.2
  Gutter    : 10.1  GutterPos=0  Mirror=-1
  Columns   : 1  EvenlySpaced=-1  LineBetween=-1
    Col 1: Width=408.3

-- Section 101 of 148  (starts on page 841) --
  PageSize  : 516.3 x 728.7 pt
  Margins   : T=54.7  B=54.7  L=54.7  R=43.2
  Gutter    : 10.1  GutterPos=0  Mirror=-1
  Columns   : 2  EvenlySpaced=-1  LineBetween=-1
    Col 1: Width=196.9  SpaceAfter=14.4
    Col 2: Width=196.9

-- Section 102 of 148  (starts on page 842) --
  PageSize  : 516.3 x 728.7 pt
  Margins   : T=54.7  B=54.7  L=54.7  R=43.2
  Gutter    : 10.1  GutterPos=0  Mirror=-1
  Columns   : 1  EvenlySpaced=-1  LineBetween=-1
    Col 1: Width=408.3

-- Section 103 of 148  (starts on page 849) --
  PageSize  : 516.3 x 728.7 pt
  Margins   : T=54.7  B=54.7  L=54.7  R=43.2
  Gutter    : 10.1  GutterPos=0  Mirror=-1
  Columns   : 2  EvenlySpaced=-1  LineBetween=-1
    Col 1: Width=196.9  SpaceAfter=14.4
    Col 2: Width=196.9

-- Section 104 of 148  (starts on page 850) --
  PageSize  : 516.3 x 728.7 pt
  Margins   : T=54.7  B=54.7  L=54.7  R=43.2
  Gutter    : 10.1  GutterPos=0  Mirror=-1
  Columns   : 1  EvenlySpaced=-1  LineBetween=-1
    Col 1: Width=408.3

-- Section 105 of 148  (starts on page 854) --
  PageSize  : 516.3 x 728.7 pt
  Margins   : T=54.7  B=54.7  L=54.7  R=43.2
  Gutter    : 10.1  GutterPos=0  Mirror=-1
  Columns   : 2  EvenlySpaced=-1  LineBetween=-1
    Col 1: Width=196.9  SpaceAfter=14.4
    Col 2: Width=196.9

-- Section 106 of 148  (starts on page 855) --
  PageSize  : 516.3 x 728.7 pt
  Margins   : T=54.7  B=54.7  L=54.7  R=43.2
  Gutter    : 10.1  GutterPos=0  Mirror=-1
  Columns   : 1  EvenlySpaced=-1  LineBetween=-1
    Col 1: Width=408.3

-- Section 107 of 148  (starts on page 859) --
  PageSize  : 516.3 x 728.7 pt
  Margins   : T=54.7  B=54.7  L=54.7  R=43.2
  Gutter    : 10.1  GutterPos=0  Mirror=-1
  Columns   : 2  EvenlySpaced=-1  LineBetween=-1
    Col 1: Width=196.9  SpaceAfter=14.4
    Col 2: Width=196.9

-- Section 108 of 148  (starts on page 860) --
  PageSize  : 516.3 x 728.7 pt
  Margins   : T=54.7  B=54.7  L=54.7  R=43.2
  Gutter    : 10.1  GutterPos=0  Mirror=-1
  Columns   : 1  EvenlySpaced=-1  LineBetween=-1
    Col 1: Width=408.3

-- Section 109 of 148  (starts on page 863) --
  PageSize  : 516.3 x 728.7 pt
  Margins   : T=54.7  B=54.7  L=54.7  R=43.2
  Gutter    : 10.1  GutterPos=0  Mirror=-1
  Columns   : 2  EvenlySpaced=-1  LineBetween=-1
    Col 1: Width=196.9  SpaceAfter=14.4
    Col 2: Width=196.9

-- Section 110 of 148  (starts on page 864) --
  PageSize  : 516.3 x 728.7 pt
  Margins   : T=54.7  B=54.7  L=54.7  R=43.2
  Gutter    : 10.1  GutterPos=0  Mirror=-1
  Columns   : 1  EvenlySpaced=-1  LineBetween=-1
    Col 1: Width=408.3

-- Section 111 of 148  (starts on page 867) --
  PageSize  : 516.3 x 728.7 pt
  Margins   : T=54.7  B=54.7  L=54.7  R=43.2
  Gutter    : 10.1  GutterPos=0  Mirror=-1
  Columns   : 2  EvenlySpaced=-1  LineBetween=-1
    Col 1: Width=196.9  SpaceAfter=14.4
    Col 2: Width=196.9

-- Section 112 of 148  (starts on page 868) --
  PageSize  : 516.3 x 728.7 pt
  Margins   : T=54.7  B=54.7  L=54.7  R=43.2
  Gutter    : 10.1  GutterPos=0  Mirror=-1
  Columns   : 1  EvenlySpaced=-1  LineBetween=-1
    Col 1: Width=408.3

-- Section 113 of 148  (starts on page 871) --
  PageSize  : 516.3 x 728.7 pt
  Margins   : T=54.7  B=54.7  L=54.7  R=43.2
  Gutter    : 10.1  GutterPos=0  Mirror=-1
  Columns   : 2  EvenlySpaced=-1  LineBetween=-1
    Col 1: Width=196.9  SpaceAfter=14.4
    Col 2: Width=196.9

-- Section 114 of 148  (starts on page 872) --
  PageSize  : 516.3 x 728.7 pt
  Margins   : T=54.7  B=54.7  L=54.7  R=43.2
  Gutter    : 10.1  GutterPos=0  Mirror=-1
  Columns   : 1  EvenlySpaced=-1  LineBetween=-1
    Col 1: Width=408.3

-- Section 115 of 148  (starts on page 874) --
  PageSize  : 516.3 x 728.7 pt
  Margins   : T=54.7  B=54.7  L=54.7  R=43.2
  Gutter    : 10.1  GutterPos=0  Mirror=-1
  Columns   : 2  EvenlySpaced=-1  LineBetween=-1
    Col 1: Width=196.9  SpaceAfter=14.4
    Col 2: Width=196.9

-- Section 116 of 148  (starts on page 875) --
  PageSize  : 516.3 x 728.7 pt
  Margins   : T=54.7  B=54.7  L=54.7  R=43.2
  Gutter    : 10.1  GutterPos=0  Mirror=-1
  Columns   : 1  EvenlySpaced=-1  LineBetween=-1
    Col 1: Width=408.3

-- Section 117 of 148  (starts on page 878) --
  PageSize  : 516.3 x 728.7 pt
  Margins   : T=54.7  B=54.7  L=54.7  R=43.2
  Gutter    : 10.1  GutterPos=0  Mirror=-1
  Columns   : 2  EvenlySpaced=-1  LineBetween=-1
    Col 1: Width=196.9  SpaceAfter=14.4
    Col 2: Width=196.9

-- Section 118 of 148  (starts on page 879) --
  PageSize  : 516.3 x 728.7 pt
  Margins   : T=54.7  B=54.7  L=54.7  R=43.2
  Gutter    : 10.1  GutterPos=0  Mirror=-1
  Columns   : 1  EvenlySpaced=-1  LineBetween=-1
    Col 1: Width=408.3

-- Section 119 of 148  (starts on page 881) --
  PageSize  : 516.3 x 728.7 pt
  Margins   : T=54.7  B=54.7  L=54.7  R=43.2
  Gutter    : 10.1  GutterPos=0  Mirror=-1
  Columns   : 2  EvenlySpaced=-1  LineBetween=-1
    Col 1: Width=196.9  SpaceAfter=14.4
    Col 2: Width=196.9

-- Section 120 of 148  (starts on page 882) --
  PageSize  : 516.3 x 728.7 pt
  Margins   : T=54.7  B=54.7  L=54.7  R=43.2
  Gutter    : 10.1  GutterPos=0  Mirror=-1
  Columns   : 1  EvenlySpaced=-1  LineBetween=-1
    Col 1: Width=408.3

-- Section 121 of 148  (starts on page 884) --
  PageSize  : 516.3 x 728.7 pt
  Margins   : T=54.7  B=54.7  L=54.7  R=43.2
  Gutter    : 10.1  GutterPos=0  Mirror=-1
  Columns   : 2  EvenlySpaced=-1  LineBetween=-1
    Col 1: Width=196.9  SpaceAfter=14.4
    Col 2: Width=196.9

-- Section 122 of 148  (starts on page 885) --
  PageSize  : 516.3 x 728.7 pt
  Margins   : T=54.7  B=54.7  L=54.7  R=43.2
  Gutter    : 10.1  GutterPos=0  Mirror=-1
  Columns   : 1  EvenlySpaced=-1  LineBetween=-1
    Col 1: Width=408.3

-- Section 123 of 148  (starts on page 886) --  [ANOMALY: non-standard 2-col geometry]
  PageSize  : 516.3 x 728.7 pt
  Margins   : T=54.7  B=54.7  L=54.7  R=43.2
  Gutter    : 10.1  GutterPos=0  Mirror=-1
  Columns   : 2  EvenlySpaced=-1  LineBetween=-1
    Col 1: Width=186.1  SpaceAfter=36.0
    Col 2: Width=186.1

-- Section 124 of 148  (starts on page 887) --
  PageSize  : 516.3 x 728.7 pt
  Margins   : T=54.7  B=54.7  L=54.7  R=43.2
  Gutter    : 10.1  GutterPos=0  Mirror=-1
  Columns   : 1  EvenlySpaced=-1  LineBetween=-1
    Col 1: Width=408.3

-- Section 125 of 148  (starts on page 896) --
  PageSize  : 516.3 x 728.7 pt
  Margins   : T=54.7  B=54.7  L=54.7  R=43.2
  Gutter    : 10.1  GutterPos=0  Mirror=-1
  Columns   : 2  EvenlySpaced=-1  LineBetween=-1
    Col 1: Width=196.9  SpaceAfter=14.4
    Col 2: Width=196.9

-- Section 126 of 148  (starts on page 897) --
  PageSize  : 516.3 x 728.7 pt
  Margins   : T=54.7  B=54.7  L=54.7  R=43.2
  Gutter    : 10.1  GutterPos=0  Mirror=-1
  Columns   : 1  EvenlySpaced=-1  LineBetween=-1
    Col 1: Width=408.3

-- Section 127 of 148  (starts on page 900) --
  PageSize  : 516.3 x 728.7 pt
  Margins   : T=54.7  B=54.7  L=54.7  R=43.2
  Gutter    : 10.1  GutterPos=0  Mirror=-1
  Columns   : 2  EvenlySpaced=-1  LineBetween=-1
    Col 1: Width=196.9  SpaceAfter=14.4
    Col 2: Width=196.9

-- Section 128 of 148  (starts on page 901) --
  PageSize  : 516.3 x 728.7 pt
  Margins   : T=54.7  B=54.7  L=54.7  R=43.2
  Gutter    : 10.1  GutterPos=0  Mirror=-1
  Columns   : 1  EvenlySpaced=-1  LineBetween=-1
    Col 1: Width=408.3

-- Section 129 of 148  (starts on page 904) --
  PageSize  : 516.3 x 728.7 pt
  Margins   : T=54.7  B=54.7  L=54.7  R=43.2
  Gutter    : 10.1  GutterPos=0  Mirror=-1
  Columns   : 2  EvenlySpaced=-1  LineBetween=-1
    Col 1: Width=196.9  SpaceAfter=14.4
    Col 2: Width=196.9

-- Section 130 of 148  (starts on page 905) --
  PageSize  : 516.3 x 728.7 pt
  Margins   : T=54.7  B=54.7  L=54.7  R=43.2
  Gutter    : 10.1  GutterPos=0  Mirror=-1
  Columns   : 1  EvenlySpaced=-1  LineBetween=-1
    Col 1: Width=408.3

-- Section 131 of 148  (starts on page 907) --
  PageSize  : 516.3 x 728.7 pt
  Margins   : T=54.7  B=54.7  L=54.7  R=43.2
  Gutter    : 10.1  GutterPos=0  Mirror=-1
  Columns   : 2  EvenlySpaced=-1  LineBetween=-1
    Col 1: Width=196.9  SpaceAfter=14.4
    Col 2: Width=196.9

-- Section 132 of 148  (starts on page 908) --
  PageSize  : 516.3 x 728.7 pt
  Margins   : T=54.7  B=54.7  L=54.7  R=43.2
  Gutter    : 10.1  GutterPos=0  Mirror=-1
  Columns   : 1  EvenlySpaced=-1  LineBetween=-1
    Col 1: Width=408.3

-- Section 133 of 148  (starts on page 911) --
  PageSize  : 516.3 x 728.7 pt
  Margins   : T=54.7  B=54.7  L=54.7  R=43.2
  Gutter    : 10.1  GutterPos=0  Mirror=-1
  Columns   : 2  EvenlySpaced=-1  LineBetween=-1
    Col 1: Width=196.9  SpaceAfter=14.4
    Col 2: Width=196.9

-- Section 134 of 148  (starts on page 912) --
  PageSize  : 516.3 x 728.7 pt
  Margins   : T=54.7  B=54.7  L=54.7  R=43.2
  Gutter    : 10.1  GutterPos=0  Mirror=-1
  Columns   : 1  EvenlySpaced=-1  LineBetween=-1
    Col 1: Width=408.3

-- Section 135 of 148  (starts on page 913) --  [ANOMALY: non-standard 2-col geometry]
  PageSize  : 516.3 x 728.7 pt
  Margins   : T=54.7  B=54.7  L=54.7  R=43.2
  Gutter    : 10.1  GutterPos=0  Mirror=-1
  Columns   : 2  EvenlySpaced=-1  LineBetween=-1
    Col 1: Width=186.1  SpaceAfter=36.0
    Col 2: Width=186.1

-- Section 136 of 148  (starts on page 914) --
  PageSize  : 516.3 x 728.7 pt
  Margins   : T=54.7  B=54.7  L=54.7  R=43.2
  Gutter    : 10.1  GutterPos=0  Mirror=-1
  Columns   : 1  EvenlySpaced=-1  LineBetween=-1
    Col 1: Width=408.3

-- Section 137 of 148  (starts on page 915) --
  PageSize  : 516.3 x 728.7 pt
  Margins   : T=54.7  B=54.7  L=54.7  R=43.2
  Gutter    : 10.1  GutterPos=0  Mirror=-1
  Columns   : 2  EvenlySpaced=-1  LineBetween=-1
    Col 1: Width=196.9  SpaceAfter=14.4
    Col 2: Width=196.9

-- Section 138 of 148  (starts on page 916) --
  PageSize  : 516.3 x 728.7 pt
  Margins   : T=54.7  B=54.7  L=54.7  R=43.2
  Gutter    : 10.1  GutterPos=0  Mirror=-1
  Columns   : 1  EvenlySpaced=-1  LineBetween=-1
    Col 1: Width=408.3

-- Section 139 of 148  (starts on page 917) --
  PageSize  : 516.3 x 728.7 pt
  Margins   : T=54.7  B=54.7  L=54.7  R=43.2
  Gutter    : 10.1  GutterPos=0  Mirror=-1
  Columns   : 2  EvenlySpaced=-1  LineBetween=-1
    Col 1: Width=196.9  SpaceAfter=14.4
    Col 2: Width=196.9

-- Section 140 of 148  (starts on page 918) --
  PageSize  : 516.3 x 728.7 pt
  Margins   : T=54.7  B=54.7  L=54.7  R=43.2
  Gutter    : 10.1  GutterPos=0  Mirror=-1
  Columns   : 1  EvenlySpaced=-1  LineBetween=-1
    Col 1: Width=408.3

-- Section 141 of 148  (starts on page 931) --
  PageSize  : 516.3 x 728.7 pt
  Margins   : T=54.7  B=54.7  L=54.7  R=43.2
  Gutter    : 10.1  GutterPos=0  Mirror=-1
  Columns   : 2  EvenlySpaced=-1  LineBetween=-1
    Col 1: Width=196.9  SpaceAfter=14.4
    Col 2: Width=196.9

-- Section 142 of 148  (starts on page 932) --
  PageSize  : 516.3 x 728.7 pt
  Margins   : T=54.7  B=54.7  L=54.7  R=43.2
  Gutter    : 10.1  GutterPos=0  Mirror=-1
  Columns   : 1  EvenlySpaced=-1  LineBetween=-1
    Col 1: Width=408.3

-- Section 143 of 148  (starts on page 934) --
  PageSize  : 516.3 x 728.7 pt
  Margins   : T=54.7  B=54.7  L=54.7  R=43.2
  Gutter    : 10.1  GutterPos=0  Mirror=-1
  Columns   : 1  EvenlySpaced=-1  LineBetween=-1
    Col 1: Width=408.3

-- Section 144 of 148  (starts on page 935) --
  PageSize  : 516.3 x 728.7 pt
  Margins   : T=54.7  B=54.7  L=54.7  R=43.2
  Gutter    : 10.1  GutterPos=0  Mirror=-1
  Columns   : 1  EvenlySpaced=-1  LineBetween=-1
    Col 1: Width=408.3

-- Section 145 of 148  (starts on page 943) --
  PageSize  : 516.3 x 728.7 pt
  Margins   : T=54.7  B=54.7  L=54.7  R=43.2
  Gutter    : 10.1  GutterPos=0  Mirror=-1
  Columns   : 1  EvenlySpaced=-1  LineBetween=-1
    Col 1: Width=408.3

-- Section 146 of 148  (starts on page 944) --
  PageSize  : 516.3 x 728.7 pt
  Margins   : T=54.7  B=54.7  L=54.7  R=43.2
  Gutter    : 10.1  GutterPos=0  Mirror=-1
  Columns   : 1  EvenlySpaced=-1  LineBetween=-1
    Col 1: Width=408.3

-- Section 147 of 148  (starts on page 966) --
  PageSize  : 516.3 x 728.7 pt
  Margins   : T=54.7  B=54.7  L=54.7  R=43.2
  Gutter    : 10.1  GutterPos=0  Mirror=-1
  Columns   : 1  EvenlySpaced=-1  LineBetween=-1
    Col 1: Width=408.3

-- Section 148 of 148  (starts on page 967) --
  PageSize  : 612.0 x 792.0 pt
  Margins   : T=72.0  B=72.0  L=72.0  R=72.0
  Gutter    : 0.0  GutterPos=0  Mirror=-1
  Columns   : 1  EvenlySpaced=-1  LineBetween=0
    Col 1: Width=468.0

-- Summary --
  Total sections : 148
  1-column       : 82
  2-column       : 66
  Other columns  : 0
  Mirrored       : 148
  Anomalies      : 2 (2-col sections deviating from std 196.9/14.4/196.9)

-- Anomalies --
  Section 123 (page 886): Col1=186.1/36.0 Col2=186.1
  Section 135 (page 913): Col1=186.1/36.0 Col2=186.1

-- Reference baseline (JUDE / JIS B5, ODD page) --
  Body  64.8 .. 473.1
  Left  64.8 .. 261.7
  Gut   261.7 .. 276.1
  Right 276.1 .. 473.1
